[    0.000000] Linux version 4.15.0-212-generic (buildd@lcy02-amd64-083) (gcc version 7.5.0 (Ubuntu 7.5.0-3ubuntu1~18.04)) #223-Ubuntu SMP Tue May 23 13:09:22 UTC 2023 (Ubuntu 4.15.0-212.223-generic 4.15.18)
[    0.000000] Command line: BOOT_IMAGE=/boot/vmlinuz-4.15.0-212-generic root=LABEL=cloudimg-rootfs ro console=tty1 console=ttyS0
[    0.000000] KERNEL supported cpus:
[    0.000000]   Intel GenuineIntel
[    0.000000]   AMD AuthenticAMD
[    0.000000]   Centaur CentaurHauls
[    0.000000] x86/fpu: Supporting XSAVE feature 0x001: 'x87 floating point registers'
[    0.000000] x86/fpu: Supporting XSAVE feature 0x002: 'SSE registers'
[    0.000000] x86/fpu: Supporting XSAVE feature 0x004: 'AVX registers'
[    0.000000] x86/fpu: xstate_offset[2]:  576, xstate_sizes[2]:  256
[    0.000000] x86/fpu: Enabled xstate features 0x7, context size is 832 bytes, using 'standard' format.
[    0.000000] e820: BIOS-provided physical RAM map:
[    0.000000] BIOS-e820: [mem 0x0000000000000000-0x000000000009fbff] usable
[    0.000000] BIOS-e820: [mem 0x000000000009fc00-0x000000000009ffff] reserved
[    0.000000] BIOS-e820: [mem 0x00000000000f0000-0x00000000000fffff] reserved
[    0.000000] BIOS-e820: [mem 0x0000000000100000-0x000000007ffeffff] usable
[    0.000000] BIOS-e820: [mem 0x000000007fff0000-0x000000007fffffff] ACPI data
[    0.000000] BIOS-e820: [mem 0x00000000fec00000-0x00000000fec00fff] reserved
[    0.000000] BIOS-e820: [mem 0x00000000fee00000-0x00000000fee00fff] reserved
[    0.000000] BIOS-e820: [mem 0x00000000fffc0000-0x00000000ffffffff] reserved
[    0.000000] NX (Execute Disable) protection: active
[    0.000000] SMBIOS 2.5 present.
[    0.000000] DMI: innotek GmbH VirtualBox/VirtualBox, BIOS VirtualBox 12/01/2006
[    0.000000] Hypervisor detected: KVM
[    0.000000] e820: last_pfn = 0x7fff0 max_arch_pfn = 0x400000000
[    0.000000] MTRR: Disabled
[    0.000000] x86/PAT: MTRRs disabled, skipping PAT initialization too.
[    0.000000] CPU MTRRs all blank - virtualized system.
[    0.000000] x86/PAT: Configuration [0-7]: WB  WT  UC- UC  WB  WT  UC- UC  
[    0.000000] found SMP MP-table at [mem 0x0009fff0-0x0009ffff]
[    0.000000] Scanning 1 areas for low memory corruption
[    0.000000] RAMDISK: [mem 0x359cb000-0x36cdcfff]
[    0.000000] ACPI: Early table checksum verification disabled
[    0.000000] ACPI: RSDP 0x00000000000E0000 000024 (v02 VBOX  )
[    0.000000] ACPI: XSDT 0x000000007FFF0030 00003C (v01 VBOX   VBOXXSDT 00000001 ASL  00000061)
[    0.000000] ACPI: FACP 0x000000007FFF00F0 0000F4 (v04 VBOX   VBOXFACP 00000001 ASL  00000061)
[    0.000000] ACPI: DSDT 0x000000007FFF0610 002353 (v02 VBOX   VBOXBIOS 00000002 INTL 20100528)
[    0.000000] ACPI: FACS 0x000000007FFF0200 000040
[    0.000000] ACPI: FACS 0x000000007FFF0200 000040
[    0.000000] ACPI: APIC 0x000000007FFF0240 00005C (v02 VBOX   VBOXAPIC 00000001 ASL  00000061)
[    0.000000] ACPI: SSDT 0x000000007FFF02A0 00036C (v01 VBOX   VBOXCPUT 00000002 INTL 20100528)
[    0.000000] ACPI: Reserving FACP table memory at [mem 0x7fff00f0-0x7fff01e3]
[    0.000000] ACPI: Reserving DSDT table memory at [mem 0x7fff0610-0x7fff2962]
[    0.000000] ACPI: Reserving FACS table memory at [mem 0x7fff0200-0x7fff023f]
[    0.000000] ACPI: Reserving FACS table memory at [mem 0x7fff0200-0x7fff023f]
[    0.000000] ACPI: Reserving APIC table memory at [mem 0x7fff0240-0x7fff029b]
[    0.000000] ACPI: Reserving SSDT table memory at [mem 0x7fff02a0-0x7fff060b]
[    0.000000] No NUMA configuration found
[    0.000000] Faking a node at [mem 0x0000000000000000-0x000000007ffeffff]
[    0.000000] NODE_DATA(0) allocated [mem 0x7ffc5000-0x7ffeffff]
[    0.000000] kvm-clock: cpu 0, msr 0:7ff44001, primary cpu clock
[    0.000000] kvm-clock: Using msrs 4b564d01 and 4b564d00
[    0.000000] kvm-clock: using sched offset of 3158138257 cycles
[    0.000000] clocksource: kvm-clock: mask: 0xffffffffffffffff max_cycles: 0x1cd42e4dffb, max_idle_ns: 881590591483 ns
[    0.000000] Zone ranges:
[    0.000000]   DMA      [mem 0x0000000000001000-0x0000000000ffffff]
[    0.000000]   DMA32    [mem 0x0000000001000000-0x000000007ffeffff]
[    0.000000]   Normal   empty
[    0.000000]   Device   empty
[    0.000000] Movable zone start for each node
[    0.000000] Early memory node ranges
[    0.000000]   node   0: [mem 0x0000000000001000-0x000000000009efff]
[    0.000000]   node   0: [mem 0x0000000000100000-0x000000007ffeffff]
[    0.000000] Reserved but unavailable: 104 pages
[    0.000000] Initmem setup node 0 [mem 0x0000000000001000-0x000000007ffeffff]
[    0.000000] ACPI: PM-Timer IO Port: 0x4008
[    0.000000] IOAPIC[0]: apic_id 2, version 32, address 0xfec00000, GSI 0-23
[    0.000000] ACPI: INT_SRC_OVR (bus 0 bus_irq 0 global_irq 2 dfl dfl)
[    0.000000] ACPI: INT_SRC_OVR (bus 0 bus_irq 9 global_irq 9 low level)
[    0.000000] Using ACPI (MADT) for SMP configuration information
[    0.000000] smpboot: Allowing 2 CPUs, 0 hotplug CPUs
[    0.000000] PM: Registered nosave memory: [mem 0x00000000-0x00000fff]
[    0.000000] PM: Registered nosave memory: [mem 0x0009f000-0x0009ffff]
[    0.000000] PM: Registered nosave memory: [mem 0x000a0000-0x000effff]
[    0.000000] PM: Registered nosave memory: [mem 0x000f0000-0x000fffff]
[    0.000000] e820: [mem 0x80000000-0xfebfffff] available for PCI devices
[    0.000000] Booting paravirtualized kernel on KVM
[    0.000000] clocksource: refined-jiffies: mask: 0xffffffff max_cycles: 0xffffffff, max_idle_ns: 7645519600211568 ns
[    0.000000] setup_percpu: NR_CPUS:8192 nr_cpumask_bits:2 nr_cpu_ids:2 nr_node_ids:1
[    0.000000] percpu: Embedded 50 pages/cpu s167936 r8192 d28672 u1048576
[    0.000000] PV qspinlock hash table entries: 256 (order: 0, 4096 bytes)
[    0.000000] Built 1 zonelists, mobility grouping on.  Total pages: 515961
[    0.000000] Policy zone: DMA32
[    0.000000] Kernel command line: BOOT_IMAGE=/boot/vmlinuz-4.15.0-212-generic root=LABEL=cloudimg-rootfs ro console=tty1 console=ttyS0
[    0.000000] Memory: 2014836K/2096696K available (12300K kernel code, 2477K rwdata, 4324K rodata, 2480K init, 2720K bss, 81860K reserved, 0K cma-reserved)
[    0.000000] SLUB: HWalign=64, Order=0-3, MinObjects=0, CPUs=2, Nodes=1
[    0.000000] ftrace: allocating 39508 entries in 155 pages
[    0.004000] Hierarchical RCU implementation.
[    0.004000] 	RCU restricting CPUs from NR_CPUS=8192 to nr_cpu_ids=2.
[    0.004000] 	Tasks RCU enabled.
[    0.004000] RCU: Adjusting geometry for rcu_fanout_leaf=16, nr_cpu_ids=2
[    0.004000] NR_IRQS: 524544, nr_irqs: 440, preallocated irqs: 16
[    0.004000] random: crng init done
[    0.004000] Console: colour VGA+ 80x25
[    0.004000] console [tty1] enabled
[    0.004000] console [ttyS0] enabled
[    0.004000] ACPI: Core revision 20170831
[    0.004000] ACPI: 2 ACPI AML tables successfully acquired and loaded
[    0.004000] APIC: Switch to symmetric I/O mode setup
[    0.004000] x2apic enabled
[    0.004000] Switched APIC routing to physical x2apic.
[    0.004000] ..TIMER: vector=0x30 apic1=0 pin1=2 apic2=-1 pin2=-1
[    0.004000] tsc: Detected 2903.996 MHz processor
[    0.004007] Calibrating delay loop (skipped) preset value.. 5807.99 BogoMIPS (lpj=11615984)
[    0.005138] pid_max: default: 32768 minimum: 301
[    0.005794] Security Framework initialized
[    0.006365] Yama: becoming mindful.
[    0.006886] AppArmor: AppArmor initialized
[    0.010609] Dentry cache hash table entries: 262144 (order: 9, 2097152 bytes)
[    0.012010] Inode-cache hash table entries: 131072 (order: 8, 1048576 bytes)
[    0.012957] Mount-cache hash table entries: 4096 (order: 3, 32768 bytes)
[    0.016007] Mountpoint-cache hash table entries: 4096 (order: 3, 32768 bytes)
[    0.017144] Last level iTLB entries: 4KB 64, 2MB 8, 4MB 8
[    0.017885] Last level dTLB entries: 4KB 64, 2MB 0, 4MB 0, 1GB 4
[    0.018689] Spectre V1 : Mitigation: usercopy/swapgs barriers and __user pointer sanitization
[    0.020002] Spectre V2 : Mitigation: Retpolines
[    0.020618] Spectre V2 : Spectre v2 / SpectreRSB mitigation: Filling RSB on context switch
[    0.021733] Spectre V2 : Spectre v2 / SpectreRSB : Filling RSB on VMEXIT
[    0.022639] RETBleed: WARNING: Spectre v2 mitigation leaves CPU vulnerable to RETBleed attacks, data leaks possible!
[    0.024002] RETBleed: Vulnerable
[    0.024653] Speculative Store Bypass: Vulnerable
[    0.025342] MMIO Stale Data: Vulnerable: Clear CPU buffers attempted, no microcode
[    0.026375] SRBDS: Unknown: Dependent on hypervisor status
[    0.027241] Freeing SMP alternatives memory: 36K
[    0.137609] smpboot: CPU0: Intel(R) Core(TM) i5-10400F CPU @ 2.90GHz (family: 0x6, model: 0xa5, stepping: 0x3)
[    0.139393] Performance Events: unsupported p6 CPU model 165 no PMU driver, software events only.
[    0.140000] Hierarchical SRCU implementation.
[    0.140336] NMI watchdog: Perf event create on CPU 0 failed with -2
[    0.141228] NMI watchdog: Perf NMI watchdog permanently disabled
[    0.142050] smp: Bringing up secondary CPUs ...
[    0.142754] x86: Booting SMP configuration:
[    0.143335] .... node  #0, CPUs:      #1
[    0.004000] kvm-clock: cpu 1, msr 0:7ff44041, secondary cpu clock
[    0.146619] smp: Brought up 1 node, 2 CPUs
[    0.146619] smpboot: Max logical packages: 1
[    0.146619] smpboot: Total of 2 processors activated (11615.98 BogoMIPS)
[    0.148105] devtmpfs: initialized
[    0.148511] x86/mm: Memory block size: 128MB
[    0.149243] evm: security.selinux
[    0.149719] evm: security.SMACK64
[    0.150199] evm: security.SMACK64EXEC
[    0.150710] evm: security.SMACK64TRANSMUTE
[    0.152002] evm: security.SMACK64MMAP
[    0.152513] evm: security.apparmor
[    0.153004] evm: security.ima
[    0.153433] evm: security.capability
[    0.153959] clocksource: jiffies: mask: 0xffffffff max_cycles: 0xffffffff, max_idle_ns: 7645041785100000 ns
[    0.153959] futex hash table entries: 512 (order: 3, 32768 bytes)
[    0.156116] pinctrl core: initialized pinctrl subsystem
[    0.157014] RTC time: 21:39:00, date: 06/28/23
[    0.157754] NET: Registered protocol family 16
[    0.158430] audit: initializing netlink subsys (disabled)
[    0.159171] audit: type=2000 audit(1687988344.911:1): state=initialized audit_enabled=0 res=1
[    0.160007] cpuidle: using governor ladder
[    0.160577] cpuidle: using governor menu
[    0.161149] ACPI: bus type PCI registered
[    0.161702] acpiphp: ACPI Hot Plug PCI Controller Driver version: 0.5
[    0.162700] PCI: Using configuration type 1 for base access
[    0.164771] HugeTLB registered 2.00 MiB page size, pre-allocated 0 pages
[    0.168046] ACPI: Added _OSI(Module Device)
[    0.168626] ACPI: Added _OSI(Processor Device)
[    0.169232] ACPI: Added _OSI(3.0 _SCP Extensions)
[    0.169880] ACPI: Added _OSI(Processor Aggregator Device)
[    0.170595] ACPI: Added _OSI(Linux-Dell-Video)
[    0.172006] ACPI: Added _OSI(Linux-Lenovo-NV-HDMI-Audio)
[    0.172877] ACPI: Added _OSI(Linux-HPI-Hybrid-Graphics)
[    0.174091] ACPI: Executed 1 blocks of module-level executable AML code
[    0.176999] ACPI: Interpreter enabled
[    0.177529] ACPI: (supports S0 S5)
[    0.178030] ACPI: Using IOAPIC for interrupt routing
[    0.178859] PCI: Using host bridge windows from ACPI; if necessary, use "pci=nocrs" and report a bug
[    0.180187] ACPI: Enabled 2 GPEs in block 00 to 07
[    0.185829] ACPI: PCI Root Bridge [PCI0] (domain 0000 [bus 00-ff])
[    0.186666] acpi PNP0A03:00: _OSC: OS supports [ASPM ClockPM Segments MSI]
[    0.188355] acpi PNP0A03:00: _OSC: not requesting OS control; OS requires [ExtendedConfig ASPM ClockPM MSI]
[    0.189802] acpi PNP0A03:00: fail to add MMCONFIG information, can't access extended PCI configuration space under this bridge.
[    0.192187] PCI host bridge to bus 0000:00
[    0.192761] pci_bus 0000:00: root bus resource [io  0x0000-0x0cf7 window]
[    0.194089] pci_bus 0000:00: root bus resource [io  0x0d00-0xffff window]
[    0.194987] pci_bus 0000:00: root bus resource [mem 0x000a0000-0x000bffff window]
[    0.196000] pci_bus 0000:00: root bus resource [mem 0x80000000-0xfdffffff window]
[    0.196003] pci_bus 0000:00: root bus resource [bus 00-ff]
[    0.198401] pci 0000:00:01.1: legacy IDE quirk: reg 0x10: [io  0x01f0-0x01f7]
[    0.200003] pci 0000:00:01.1: legacy IDE quirk: reg 0x14: [io  0x03f6]
[    0.200874] pci 0000:00:01.1: legacy IDE quirk: reg 0x18: [io  0x0170-0x0177]
[    0.201856] pci 0000:00:01.1: legacy IDE quirk: reg 0x1c: [io  0x0376]
[    0.218206] pci 0000:00:07.0: quirk: [io  0x4000-0x403f] claimed by PIIX4 ACPI
[    0.219248] pci 0000:00:07.0: quirk: [io  0x4100-0x410f] claimed by PIIX4 SMB
[    0.229919] ACPI: PCI Interrupt Link [LNKA] (IRQs 5 9 10 *11)
[    0.230967] ACPI: PCI Interrupt Link [LNKB] (IRQs 5 9 *10 11)
[    0.231820] ACPI: PCI Interrupt Link [LNKC] (IRQs 5 *9 10 11)
[    0.232097] ACPI: PCI Interrupt Link [LNKD] (IRQs 5 9 10 *11)
[    0.233210] SCSI subsystem initialized
[    0.233768] pci 0000:00:02.0: vgaarb: setting as boot VGA device
[    0.233768] pci 0000:00:02.0: vgaarb: VGA device added: decodes=io+mem,owns=io+mem,locks=none
[    0.236004] pci 0000:00:02.0: vgaarb: bridge control possible
[    0.236790] vgaarb: loaded
[    0.237210] ACPI: bus type USB registered
[    0.237781] usbcore: registered new interface driver usbfs
[    0.238523] usbcore: registered new interface driver hub
[    0.239237] usbcore: registered new device driver usb
[    0.240035] EDAC MC: Ver: 3.0.0
[    0.240933] PCI: Using ACPI for IRQ routing
[    0.240933] NetLabel: Initializing
[    0.241297] NetLabel:  domain hash size = 128
[    0.241897] NetLabel:  protocols = UNLABELED CIPSOv4 CALIPSO
[    0.242670] NetLabel:  unlabeled traffic allowed by default
[    0.244131] clocksource: Switched to clocksource kvm-clock
[    0.258674] VFS: Disk quotas dquot_6.6.0
[    0.259268] VFS: Dquot-cache hash table entries: 512 (order 0, 4096 bytes)
[    0.260300] AppArmor: AppArmor Filesystem Enabled
[    0.261000] pnp: PnP ACPI init
[    0.262251] pnp: PnP ACPI: found 3 devices
[    0.270524] clocksource: acpi_pm: mask: 0xffffff max_cycles: 0xffffff, max_idle_ns: 2085701024 ns
[    0.271756] NET: Registered protocol family 2
[    0.272429] IP idents hash table entries: 32768 (order: 6, 262144 bytes)
[    0.273745] TCP established hash table entries: 16384 (order: 5, 131072 bytes)
[    0.276381] TCP bind hash table entries: 16384 (order: 6, 262144 bytes)
[    0.277840] TCP: Hash tables configured (established 16384 bind 16384)
[    0.278736] UDP hash table entries: 1024 (order: 3, 32768 bytes)
[    0.279554] UDP-Lite hash table entries: 1024 (order: 3, 32768 bytes)
[    0.280460] NET: Registered protocol family 1
[    0.281079] pci 0000:00:00.0: Limiting direct PCI/PCI transfers
[    0.281907] pci 0000:00:01.0: Activating ISA DMA hang workarounds
[    0.282762] pci 0000:00:02.0: Video device with shadowed ROM at [mem 0x000c0000-0x000dffff]
[    0.283971] Unpacking initramfs...
[    0.557620] Freeing initrd memory: 19528K
[    0.558547] clocksource: tsc: mask: 0xffffffffffffffff max_cycles: 0x29dc020bb13, max_idle_ns: 440795273180 ns
[    0.560243] platform rtc_cmos: registered platform RTC device (no PNP device found)
[    0.561311] Scanning for low memory corruption every 60 seconds
[    0.562618] Initialise system trusted keyrings
[    0.563241] Key type blacklist registered
[    0.566024] workingset: timestamp_bits=36 max_order=19 bucket_order=0
[    0.567545] zbud: loaded
[    0.568331] squashfs: version 4.0 (2009/01/31) Phillip Lougher
[    0.569235] fuse init (API version 7.26)
[    0.571397] Key type asymmetric registered
[    0.571961] Asymmetric key parser 'x509' registered
[    0.572672] Block layer SCSI generic (bsg) driver version 0.4 loaded (major 246)
[    0.573714] io scheduler noop registered
[    0.574535] io scheduler deadline registered
[    0.575136] io scheduler cfq registered (default)
[    0.576042] ACPI: AC Adapter [AC] (on-line)
[    0.576666] input: Power Button as /devices/LNXSYSTM:00/LNXPWRBN:00/input/input0
[    0.577706] ACPI: Power Button [PWRF]
[    0.578272] input: Sleep Button as /devices/LNXSYSTM:00/LNXSLPBN:00/input/input1
[    0.579280] ACPI: Sleep Button [SLPF]
[    0.580117] Serial: 8250/16550 driver, 32 ports, IRQ sharing enabled
[    0.601430] 00:02: ttyS0 at I/O 0x3f8 (irq = 4, base_baud = 115200) is a 16550A
[    0.604710] Linux agpgart interface v0.103
[    0.606233] loop: module loaded
[    0.607062] scsi host0: ata_piix
[    0.607885] scsi host1: ata_piix
[    0.608393] ata1: PATA max UDMA/33 cmd 0x1f0 ctl 0x3f6 bmdma 0xd000 irq 14
[    0.609293] ata2: PATA max UDMA/33 cmd 0x170 ctl 0x376 bmdma 0xd008 irq 15
[    0.610283] tun: Universal TUN/TAP device driver, 1.6
[    0.611015] PPP generic driver version 2.4.2
[    0.611657] ehci_hcd: USB 2.0 'Enhanced' Host Controller (EHCI) Driver
[    0.612553] ehci-pci: EHCI PCI platform driver
[    0.613449] ehci-platform: EHCI generic platform driver
[    0.614224] ohci_hcd: USB 1.1 'Open' Host Controller (OHCI) Driver
[    0.615037] ohci-pci: OHCI PCI platform driver
[    0.615652] ohci-platform: OHCI generic platform driver
[    0.616467] uhci_hcd: USB Universal Host Controller Interface driver
[    0.617338] i8042: PNP: PS/2 Controller [PNP0303:PS2K,PNP0f03:PS2M] at 0x60,0x64 irq 1,12
[    0.618835] serio: i8042 KBD port at 0x60,0x64 irq 1
[    0.619526] serio: i8042 AUX port at 0x60,0x64 irq 12
[    0.620317] mousedev: PS/2 mouse device common for all mice
[    0.621551] input: AT Translated Set 2 keyboard as /devices/platform/i8042/serio0/input/input2
[    0.622842] rtc_cmos rtc_cmos: rtc core: registered rtc_cmos as rtc0
[    0.623728] rtc_cmos rtc_cmos: alarms up to one day, 114 bytes nvram
[    0.624867] i2c /dev entries driver
[    0.625398] device-mapper: uevent: version 1.0.3
[    0.626093] device-mapper: ioctl: 4.37.0-ioctl (2017-09-20) initialised: dm-devel@redhat.com
[    0.627257] ledtrig-cpu: registered to indicate activity on CPUs
[    0.628302] NET: Registered protocol family 10
[    0.631126] Segment Routing with IPv6
[    0.631652] NET: Registered protocol family 17
[    0.632319] Key type dns_resolver registered
[    0.633019] mce: Using 0 MCE banks
[    0.633515] RAS: Correctable Errors collector initialized.
[    0.634269] sched_clock: Marking stable (632999419, 0)->(781726605, -148727186)
[    0.635525] registered taskstats version 1
[    0.636138] Loading compiled-in X.509 certificates
[    0.638239] Loaded X.509 cert 'Build time autogenerated kernel key: b5b26778eaa3ab3a4a6cee031137706e947d12ad'
[    0.639985] Loaded X.509 cert 'Canonical Ltd. Live Patch Signing: 14df34d1a87cf37625abec039ef2bf521249b969'
[    0.642036] Loaded X.509 cert 'Canonical Ltd. Kernel Module Signing: 88f752e560a1e0737e31163a466ad7b70a850c19'
[    0.643684] blacklist: Loading compiled-in revocation X.509 certificates
[    0.644629] Loaded X.509 cert 'Canonical Ltd. Secure Boot Signing: 61482aa2830d0ab2ad5af10b7250da9033ddcef0'
[    0.645971] Loaded X.509 cert 'Canonical Ltd. Secure Boot Signing (2017): 242ade75ac4a15e50d50c84b0d45ff3eae707a03'
[    0.647387] Loaded X.509 cert 'Canonical Ltd. Secure Boot Signing (ESM 2018): 365188c1d374d6b07c3c8f240f8ef722433d6a8b'
[    0.648921] Loaded X.509 cert 'Canonical Ltd. Secure Boot Signing (2019): c0746fd6c5da3ae827864651ad66ae47fe24b3e8'
[    0.650323] Loaded X.509 cert 'Canonical Ltd. Secure Boot Signing (2021 v1): a8d54bbb3825cfb94fa13c9f8a594a195c107b8d'
[    0.651791] Loaded X.509 cert 'Canonical Ltd. Secure Boot Signing (2021 v2): 4cf046892d6fd3c9a5b03f98d845f90851dc6a8c'
[    0.653283] Loaded X.509 cert 'Canonical Ltd. Secure Boot Signing (2021 v3): 100437bb6de6e469b581e61cd66bce3ef4ed53af'
[    0.654682] Loaded X.509 cert 'Canonical Ltd. Secure Boot Signing (Ubuntu Core 2019): c1d57b8f6b743f23ee41f4f7ee292f06eecadfb9'
[    0.656169] zswap: loaded using pool lzo/zbud
[    0.658874] Key type big_key registered
[    0.659430] Key type trusted registered
[    0.661084] Key type encrypted registered
[    0.661652] AppArmor: AppArmor sha1 policy hashing enabled
[    0.662404] ima: No TPM chip found, activating TPM-bypass! (rc=-19)
[    0.663248] ima: Allocated hash algorithm: sha1
[    0.663889] evm: HMAC attrs: 0x1
[    0.664612]   Magic number: 11:466:703
[    0.665242] rtc_cmos rtc_cmos: setting system clock to 2023-06-28 21:39:00 UTC (1687988340)
[    0.666496] BIOS EDD facility v0.16 2004-Jun-25, 0 devices found
[    0.667305] EDD information not available.
[    0.793309] Freeing unused kernel image memory: 2480K
[    1.144771] Write protecting the kernel read-only data: 20480k
[    1.146378] Freeing unused kernel image memory: 2008K
[    1.147621] Freeing unused kernel image memory: 1820K
[    1.154547] x86/mm: Checked W+X mappings: passed, no W+X pages found.
Loading, please wait...
starting version 237
[    1.203062] e1000: Intel(R) PRO/1000 Network Driver - version 7.3.21-k8-NAPI
[    1.204293] e1000: Copyright (c) 1999-2006 Intel Corporation.
[    1.209860] Fusion MPT base driver 3.04.20
[    1.210753] Copyright (c) 1999-2008 LSI Corporation
[    1.219429] Fusion MPT SPI Host driver 3.04.20
[    1.221906] AVX2 version of gcm_enc/dec engaged.
[    1.222761] AES CTR mode by8 optimization enabled
[    1.437691] input: ImExPS/2 Generic Explorer Mouse as /devices/platform/i8042/serio1/input/input4
[    1.590251] e1000 0000:00:03.0 eth0: (PCI:33MHz:32-bit) 02:3b:7b:b7:3b:2d
[    1.591357] e1000 0000:00:03.0 eth0: Intel(R) PRO/1000 Network Connection
[    2.707975] e1000 0000:00:08.0 eth1: (PCI:33MHz:32-bit) 08:00:27:85:e6:8f
[    2.709253] e1000 0000:00:08.0 eth1: Intel(R) PRO/1000 Network Connection
[    2.710993] e1000 0000:00:08.0 enp0s8: renamed from eth1
[    2.711767] mptbase: ioc0: Initiating bringup
[    2.720954] e1000 0000:00:03.0 enp0s3: renamed from eth0
[    2.824555] ioc0: LSI53C1030 A0: Capabilities={Initiator}
[    3.067004] scsi host2: ioc0: LSI53C1030 A0, FwRev=00000000h, Ports=1, MaxQ=256, IRQ=20
[    3.236749] scsi 2:0:0:0: Direct-Access     VBOX     HARDDISK         1.0  PQ: 0 ANSI: 5
[    3.268654] scsi target2:0:0: Beginning Domain Validation
[    3.271853] scsi target2:0:0: Domain Validation skipping write tests
[    3.272746] scsi target2:0:0: Ending Domain Validation
[    3.273574] scsi target2:0:0: asynchronous
[    3.274759] scsi 2:0:1:0: Direct-Access     VBOX     HARDDISK         1.0  PQ: 0 ANSI: 5
[    3.304428] scsi target2:0:1: Beginning Domain Validation
[    3.307745] scsi target2:0:1: Domain Validation skipping write tests
[    3.308727] scsi target2:0:1: Ending Domain Validation
[    3.309473] scsi target2:0:1: asynchronous
[    3.313044] sd 2:0:0:0: Attached scsi generic sg0 type 0
[    3.313271] sd 2:0:0:0: [sda] 83886080 512-byte logical blocks: (42.9 GB/40.0 GiB)
[    3.313936] sd 2:0:1:0: Attached scsi generic sg1 type 0
[    3.315070] sd 2:0:0:0: [sda] Write Protect is off
[    3.316600] sd 2:0:0:0: [sda] Incomplete mode parameter data
[    3.316605] sd 2:0:1:0: [sdb] 20480 512-byte logical blocks: (10.5 MB/10.0 MiB)
[    3.317626] sd 2:0:0:0: [sda] Assuming drive cache: write through
[    3.319505] sd 2:0:1:0: [sdb] Write Protect is off
[    3.320402] sd 2:0:1:0: [sdb] Incomplete mode parameter data
[    3.320966]  sda: sda1
[    3.321303] sd 2:0:1:0: [sdb] Assuming drive cache: write through
[    3.323181] sd 2:0:0:0: [sda] Attached SCSI disk
[    3.324952] sd 2:0:1:0: [sdb] Attached SCSI disk
Begin: Loading essential drivers ... [    4.676024] raid6: sse2x1   gen() 13833 MB/s
[    4.724042] raid6: sse2x1   xor()  8204 MB/s
[    4.772032] raid6: sse2x2   gen() 16693 MB/s
[    4.820035] raid6: sse2x2   xor() 10908 MB/s
[    4.868042] raid6: sse2x4   gen() 17661 MB/s
[    4.916038] raid6: sse2x4   xor() 10490 MB/s
[    4.964043] raid6: avx2x1   gen() 26363 MB/s
[    5.012039] raid6: avx2x1   xor() 15512 MB/s
[    5.060038] raid6: avx2x2   gen() 30873 MB/s
[    5.108045] raid6: avx2x2   xor() 20079 MB/s
[    5.156010] raid6: avx2x4   gen() 34569 MB/s
[    5.204028] raid6: avx2x4   xor() 18766 MB/s
[    5.204758] raid6: using algorithm avx2x4 gen() 34569 MB/s
[    5.205752] raid6: .... xor() 18766 MB/s, rmw enabled
[    5.206630] raid6: using avx2x2 recovery algorithm
[    5.208470] xor: automatically using best checksumming function   avx       
[    5.210403] async_tx: api initialized (async)
done.
Begin: Running /scripts/init-premount ... done.
Begin: Mounting root file system ... Begin: Running /scripts/local-top ... done.
Begin: Running /scripts/local-premount ... [    5.248914] Btrfs loaded, crc32c=crc32c-intel
Scanning for Btrfs filesystems
done.
Warning: fsck not present, so skipping root file system
[    5.274971] EXT4-fs (sda1): mounted filesystem with ordered data mode. Opts: (null)
done.
Begin: Running /scripts/local-bottom ... done.
Begin: Running /scripts/init-bottom ... done.
[    5.435713] ip_tables: (C) 2000-2006 Netfilter Core Team
[    5.446097] systemd[1]: systemd 237 running in system mode. (+PAM +AUDIT +SELINUX +IMA +APPARMOR +SMACK +SYSVINIT +UTMP +LIBCRYPTSETUP +GCRYPT +GNUTLS +ACL +XZ +LZ4 +SECCOMP +BLKID +ELFUTILS +KMOD -IDN2 +IDN -PCRE2 default-hierarchy=hybrid)
[    5.449024] systemd[1]: Detected virtualization oracle.
[    5.449764] systemd[1]: Detected architecture x86-64.

Welcome to [1mUbuntu 18.04.6 LTS[0m!

[    5.453876] systemd[1]: Set hostname to <ubuntu>.
[    5.457252] systemd[1]: Initializing machine ID from random generator.
[    5.458180] systemd[1]: Installed transient /etc/machine-id file.
[    5.656346] systemd[1]: Created slice User and Session Slice.
[[0;32m  OK  [0m] Created slice User and Session Slice.
[    5.657849] systemd[1]: Reached target Swap.
[[0;32m  OK  [0m] Reached target Swap.
[    5.658968] systemd[1]: Reached target System Time Synchronized.
[[0;32m  OK  [0m] Reached target System Time Synchronized.
[    5.660448] systemd[1]: Reached target User and Group Name Lookups.
[[0;32m  OK  [0m] Reached target User and Group Name Lookups.
[[0;32m  OK  [0m] Reached target Mounting snaps.
[[0;32m  OK  [0m] Started Forward Password Requests to Wall Directory Watch.
[[0;32m  OK  [0m] Created slice System Slice.
[[0;32m  OK  [0m] Listening on fsck to fsckd communication Socket.
[[0;32m  OK  [0m] Listening on udev Control Socket.
[[0;32m  OK  [0m] Listening on Journal Socket (/dev/log).
[[0;32m  OK  [0m] Listening on Journal Socket.
         Starting File System Check on Root Device...
         Starting Uncomplicated firewall...
[[0;32m  OK  [0m] Listening on udev Kernel Socket.
         Mounting POSIX Message Queue File System...
         Mounting Huge Pages File System...
         Starting Create list of required st…ce nodes for the current kernel...
[[0;32m  OK  [0m] Listening on LVM2 metadata daemon socket.
[[0;32m  OK  [0m] Listening on LVM2 poll daemon socket.
         Mounting Kernel Debug File System...
         Starting udev Coldplug all Devices...
[[0;32m  OK  [0m] Listening on /dev/initctl Compatibility Named Pipe.
[[0;32m  OK  [0m] Listening on Journal Audit Socket.
         Starting Set the console keyboard layout...
[[0;32m  OK  [0m] Listening on Network Service Netlink Socket.
[[0;32m  OK  [0m] Listening on Syslog Socket.
         Starting Journal Service...
[[0;32m  OK  [0m] Set up automount Arbitrary Executab…rmats File System Automount Point.
[[0;32m  OK  [0m] Reached target Slices.
         Starting Load Kernel Modules...
[[0;32m  OK  [0m] Reached target Mounted snaps.
[[0;32m  OK  [0m] Created slice system-serial\x2dgetty.slice.
[[0;32m  OK  [0m] Listening on Device-mapper event daemon FIFOs.
         Starting Monitoring of LVM2 mirrors…ng dmeventd or progress polling...
[[0;32m  OK  [0m] Started Uncomplicated firewall.
[[0;32m  OK  [0m] Mounted POSIX Message Queue File System.
[[0;32m  OK  [0m] Mounted Huge Pages File System.
[[0;32m  OK  [0m] Started Create list of required sta…vice nodes for the current kernel.
[[0;32m  OK  [0m] Mounted Kernel Debug File System.
[[0;32m  OK  [0m] Started File System Check Daemon to report status.
         Starting Create Static Device Nodes in /dev...
[[0;32m  OK  [0m] Started Journal Service.
[[0;32m  OK  [0m] Started File System Check on Root Device.
[[0;32m  OK  [0m] Started udev Coldplug all Devices.
         Starting Remount Root and Kernel File Systems...
[    5.758419] Loading iSCSI transport class v2.0-870.
[    5.763288] iscsi: registered transport (tcp)
[[0;32m  OK  [0m] Started Create Static Device Nodes in /dev.
[    5.821336] EXT4-fs (sda1): re-mounted. Opts: (null)
[[0;32m  OK  [0m] Started Remount Root and Kernel File Systems.
         Starting Load/Save Random Seed...
         Starting Flush Journal to Persistent Storage...
[    5.828185] iscsi: registered transport (iser)
         Starting udev Kernel Device Manager...
[[0;32m  OK  [0m] Started Load Kernel Modules.
[[0;32m  OK  [0m] Started LVM2 metadata daemon.
         Mounting Kernel Configuration File System...
         Starting Apply Kernel Variables...
         Mounting FUSE Control File System...
[[0;32m  OK  [0m] Mounted Kernel Configuration File System.
[[0;32m  OK  [0m] Mounted FUSE Control File System.
[[0;32m  OK  [0m] Started Load/Save Random Seed.
[    5.849942] systemd-journald[402]: Received request to flush runtime journal from PID 1
[[0;32m  OK  [0m] Started udev Kernel Device Manager.
[[0;32m  OK  [0m] Started Monitoring of LVM2 mirrors,…sing dmeventd or progress polling.
[[0;32m  OK  [0m] Started Apply Kernel Variables.
[[0;32m  OK  [0m] Started Flush Journal to Persistent Storage.
[[0;32m  OK  [0m] Found device /dev/ttyS0.
[[0;32m  OK  [0m] Listening on Load/Save RF Kill Switch Status /dev/rfkill Watch.
         Mounting Arbitrary Executable File Formats File System...
[[0;32m  OK  [0m] Mounted Arbitrary Executable File Formats File System.
[[0;32m  OK  [0m] Started Set the console keyboard layout.
[[0;32m  OK  [0m] Reached target Local File Systems (Pre).
[[0;32m  OK  [0m] Reached target Local File Systems.
         Starting Commit a transient machine-id on disk...
         Starting Set console font and keymap...
         Starting ebtables ruleset management...
         Starting AppArmor initialization...
         Starting Tell Plymouth To Write Out Runtime Data...
         Starting Create Volatile Files and Directories...
[[0;32m  OK  [0m] Started Dispatch Password Requests to Console Directory Watch.
[[0;32m  OK  [0m] Reached target Local Encrypted Volumes.
[[0;32m  OK  [0m] Started Commit a transient machine-id on disk.
[[0;32m  OK  [0m] Started Tell Plymouth To Write Out Runtime Data.
[[0;32m  OK  [0m] Started Create Volatile Files and Directories.
         Starting Update UTMP about System Boot/Shutdown...
[[0;32m  OK  [0m] Started Update UTMP about System Boot/Shutdown.
[[0;32m  OK  [0m] Started ebtables ruleset management.
[[0;32m  OK  [0m] Started AppArmor initialization.
         Starting Load AppArmor profiles managed internally by snapd...
         Starting Initial cloud-init job (pre-networking)...
[[0;32m  OK  [0m] Started Load AppArmor profiles managed internally by snapd.
[[0;32m  OK  [0m] Started Set console font and keymap.
[    8.631706] cloud-init[704]: Cloud-init v. 23.1.2-0ubuntu0~18.04.1 running 'init-local' at Wed, 28 Jun 2023 21:39:08 +0000. Up 8.32 seconds.
[[0;32m  OK  [0m] Started Initial cloud-init job (pre-networking).
[[0;32m  OK  [0m] Reached target Network (Pre).
         Starting Network Service...
[[0;32m  OK  [0m] Started Network Service.
         Starting Wait for Network to be Configured...
         Starting Network Name Resolution...
[[0;32m  OK  [0m] Started Network Name Resolution.
[[0;32m  OK  [0m] Reached target Host and Network Name Lookups.
[[0;32m  OK  [0m] Reached target Network.
[[0;32m  OK  [0m] Started Wait for Network to be Configured.
         Starting Initial cloud-init job (metadata service crawler)...
[   10.964137] cloud-init[1001]: Cloud-init v. 23.1.2-0ubuntu0~18.04.1 running 'init' at Wed, 28 Jun 2023 21:39:10 +0000. Up 10.86 seconds.
[   10.965767] cloud-init[1001]: ci-info: ++++++++++++++++++++++++++++++++++++++Net device info+++++++++++++++++++++++++++++++++++++++
[   10.978569] cloud-init[1001]: ci-info: +--------+-------+----------------------------+---------------+--------+-------------------+
[   10.979936] cloud-init[1001]: ci-info: | Device |   Up  |          Address           |      Mask     | Scope  |     Hw-Address    |
[   10.981379] cloud-init[1001]: ci-info: +--------+-------+----------------------------+---------------+--------+-------------------+
[   10.982597] cloud-init[1001]: ci-info: | enp0s3 |  True |         10.0.2.15          | 255.255.255.0 | global | 02:3b:7b:b7:3b:2d |
[   10.983830] cloud-init[1001]: ci-info: | enp0s3 |  True | fe80::3b:7bff:feb7:3b2d/64 |       .       |  link  | 02:3b:7b:b7:3b:2d |
[   10.985085] cloud-init[1001]: ci-info: | enp0s8 | False |             .              |       .       |   .    | 08:00:27:85:e6:8f |
[   10.986269] cloud-init[1001]: ci-info: |   lo   |  True |         127.0.0.1          |   255.0.0.0   |  host  |         .         |
[   10.987470] cloud-init[1001]: ci-info: |   lo   |  True |          ::1/128           |       .       |  host  |         .         |
[   10.988716] cloud-init[1001]: ci-info: +--------+-------+----------------------------+---------------+--------+-------------------+
[   10.989898] cloud-init[1001]: ci-info: ++++++++++++++++++++++++++++Route IPv4 info+++++++++++++++++++++++++++++
[   10.990938] cloud-init[1001]: ci-info: +-------+-------------+----------+-----------------+-----------+-------+
[   10.992145] cloud-init[1001]: ci-info: | Route | Destination | Gateway  |     Genmask     | Interface | Flags |
[   10.993353] cloud-init[1001]: ci-info: +-------+-------------+----------+-----------------+-----------+-------+
[   10.994421] cloud-init[1001]: ci-info: |   0   |   0.0.0.0   | 10.0.2.2 |     0.0.0.0     |   enp0s3  |   UG  |
[   10.995451] cloud-init[1001]: ci-info: |   1   |   10.0.2.0  | 0.0.0.0  |  255.255.255.0  |   enp0s3  |   U   |
[   10.996540] cloud-init[1001]: ci-info: |   2   |   10.0.2.2  | 0.0.0.0  | 255.255.255.255 |   enp0s3  |   UH  |
[   10.997599] cloud-init[1001]: ci-info: +-------+-------------+----------+-----------------+-----------+-------+
[   10.998665] cloud-init[1001]: ci-info: +++++++++++++++++++Route IPv6 info+++++++++++++++++++
[   10.999584] cloud-init[1001]: ci-info: +-------+-------------+---------+-----------+-------+
[   11.000521] cloud-init[1001]: ci-info: | Route | Destination | Gateway | Interface | Flags |
[   11.001451] cloud-init[1001]: ci-info: +-------+-------------+---------+-----------+-------+
[   11.002383] cloud-init[1001]: ci-info: |   1   |  fe80::/64  |    ::   |   enp0s3  |   U   |
[   11.003300] cloud-init[1001]: ci-info: |   3   |    local    |    ::   |   enp0s3  |   U   |
[   11.004247] cloud-init[1001]: ci-info: |   4   |   ff00::/8  |    ::   |   enp0s3  |   U   |
[   11.005174] cloud-init[1001]: ci-info: +-------+-------------+---------+-----------+-------+
[   11.677394] cloud-init[1001]: Generating public/private rsa key pair.
[   11.688179] cloud-init[1001]: Your identification has been saved in /etc/ssh/ssh_host_rsa_key.
[   11.700180] cloud-init[1001]: Your public key has been saved in /etc/ssh/ssh_host_rsa_key.pub.
[[0;32m  OK  [0m] Started Initial cloud-init job (metadata service crawler).
[   11.716162] cloud-init[1001]: The key fingerprint is:
[   11.740327] cloud-init[1001]: SHA256:Nt+zqk15qSkyebjqW+FZ2w/8fwaQAoPxuddes/yOCH4 root@ubuntu-bionic
[[   11.740387] [0;32m  OK  [0mcloud-init] [1001]: Reached target Cloud-config availability.
The key's randomart image is:
[[   11.741531] cloud-init[1001]: +---[RSA 2048]----+
[   11.741589] cloud-init[1001]: |      .o         |
[   11.741962] cloud-init[1001]: |      ..o.       |
[   11.742291] cloud-init[1001]: |        oo   .   |
[   11.742637] cloud-init[1001]: |         ...o    |
[0;32m  OK  [0m] Reached target System Initialization.
[   11.742873] cloud-init[1001]: |      . S ....o  |
[[   11.744537] cloud-init[1001]: |     . = B + +.o |
[   11.744590] cloud-init[1001]: |      +o. O * o. |
[   11.745070] cloud-init[1001]: |     .= o+ OE+ oo|
[   11.745405] cloud-init[1001]: |   .+o.=.o*o=.o+o|
[   11.745770] cloud-init[1001]: +----[SHA256]-----+
[0;32m  OK  [0m] Started Daily Cleanup of Temporary Directories.
[[   11.745959] cloud-init[1001]: Generating public/private dsa key pair.
[   11.747240] cloud-init[1001]: Your identification has been saved in /etc/ssh/ssh_host_dsa_key.
[   11.747844] cloud-init[1001]: Your public key has been saved in /etc/ssh/ssh_host_dsa_key.pub.
[   11.748323] cloud-init[1001]: The key fingerprint is:
[   11.748655] cloud-init[1001]: SHA256:SnSC42zVRmU8peE+RWVYifg638I/x+kb0AmmYE/eohM root@ubuntu-bionic
[   11.749011] cloud-init[1001]: The key's randomart image is:
[   11.749350] cloud-init[1001]: +---[DSA 1024]----+
[   11.749718] cloud-init[1001]: |        .o+oo=+. |
[   11.750053] cloud-init[1001]: |     . o o++o..  |
[   11.750393] cloud-init[1001]: |    o + +oo+.o   |
[   11.750680] cloud-init[1001]: |   o + +..=.= o .|
[   11.751042] cloud-init[1001]: |    + . SEo* o o |
[   11.751271] cloud-init[1001]: |   . . .  =.. .  |
[   11.751651] cloud-init[1001]: |      .  o + . o.|
[   11.752006] cloud-init[1001]: |          . + o.+|
[   11.752337] cloud-init[1001]: |             oo=.|
[   11.752692] cloud-init[1001]: +----[SHA256]-----+
[   11.753018] cloud-init[1001]: Generating public/private ecdsa key pair.
[   11.753365] cloud-init[1001]: Your identification has been saved in /etc/ssh/ssh_host_ecdsa_key.
[0;32m  OK  [0m] Started Ubuntu Advantage Timer for running repeated jobs.
[   11.753599] cloud-init[1001]: Your public key has been saved in /etc/ssh/ssh_host_ecdsa_key.pub.
[   11.758163] cloud-init[1001]: The key fingerprint is:
[   11.758210] cloud-init[1001]: SHA256:uyNgp/DHTfyuZgmSj1iuH3qdm+2ui0Qf6kVtxo8IM5U root@ubuntu-bionic
[   11.758571] cloud-init[1001]: The key's randomart image is:
[   11.758919] cloud-init[1001]: +---[ECDSA 256]---+
[   11.759288] cloud-init[1001]: |                 |
[   11.759619] cloud-init[1001]: |       .         |
[   11.759967] cloud-init[1001]: |      E          |
[   11.760343] cloud-init[1001]: |     . o         |
[   11.760450] cloud-init[1001]: |    =.o.S        |
[   11.760577] cloud-init[1001]: |  ..*Bo=o+       |
[   11.760705] cloud-init[1001]: |   B+X+=oo.      |
[   11.760831] cloud-init[1001]: |  .+*+Bo*..      |
[   11.760965] cloud-init[1001]: |  o++.=X*+.      |
[   11.761333] cloud-init[1001]: +----[SHA256]-----+
[   11.761554] cloud-init[1001]: Generating public/private ed25519 key pair.
[   11.761899] cloud-init[1001]: Your identification has been saved in /etc/ssh/ssh_host_ed25519_key.
[   11.762377] cloud-init[1001]: Your public key has been saved in /etc/ssh/ssh_host_ed25519_key.pub.
[   11.762710] cloud-init[1001]: The key fingerprint is:
[   11.763063] cloud-init[1001]: SHA256:ktiKsz4boZBBxgFFNqr2x8OgR2ewTpgX++yb4xE9rS8 root@ubuntu-bionic
[   11.763396] cloud-init[1001]: The key's randomart image is:
[   11.763748] cloud-init[1001]: +--[ED25519 256]--+
[   11.764545] cloud-init[1001]: |+**              |
[   11.764881] cloud-init[1001]: |o+ .             |
[   11.765233] cloud-init[1001]: |o  o             |
[   11.765579] cloud-init[1001]: |.oo =o...        |
[   11.765953] cloud-init[1001]: |++.B.++oS.       |
[   11.766284] cloud-init[1001]: |o.BoO...o        |
[   11.766626] cloud-init[1001]: |..++.O .         |
[   11.766859] cloud-init[1001]: |  o+o.+E.        |
[   11.767229] cloud-init[1001]: | .+o.=o ..       |
[   11.767553] cloud-init[1001]: +----[SHA256]-----+
[[0;32m  OK  [0m] Listening on UUID daemon activation socket.
         Starting Socket activation for snappy daemon.
         Starting LXD - unix socket.
[[0;32m  OK  [0m] Started Discard unused blocks once a week.
[[0;32m  OK  [0m] Listening on D-Bus System Message Bus Socket.
[[0;32m  OK  [0m] Listening on Open-iSCSI iscsid Socket.
[[0;32m  OK  [0m] Listening on ACPID Listen Socket.
[[0;32m  OK  [0m] Started Daily apt download activities.
[[0;32m  OK  [0m] Started Daily apt upgrade and clean activities.
[[0;32m  OK  [0m] Started ACPI Events Check.
[[0;32m  OK  [0m] Reached target Paths.
[[0;32m  OK  [0m] Listening on cloud-init hotplug hook socket.
[[0;32m  OK  [0m] Started Message of the Day.
[[0;32m  OK  [0m] Reached target Timers.
[[0;32m  OK  [0m] Reached target Network is Online.
[[0;32m  OK  [0m] Reached target Remote File Systems (Pre).
[[0;32m  OK  [0m] Reached target Remote File Systems.
         Starting Availability of block devices...
[[0;32m  OK  [0m] Listening on Socket activation for snappy daemon.
[[0;32m  OK  [0m] Listening on LXD - unix socket.
[[0;32m  OK  [0m] Reached target Sockets.
[[0;32m  OK  [0m] Reached target Basic System.
[[0;32m  OK  [0m] Started irqbalance daemon.
         Starting Pollinate to seed the pseudo random number generator...
         Starting Virtualbox guest utils...
         Starting System Logging Service...
[[0;32m  OK  [0m] Started Regular background program processing daemon.
         Starting LSB: Record successful boot for GRUB...
[[0;32m  OK  [0m] Reached target Login Prompts (Pre).
[[0;32m  OK  [0m] Started Deferred execution scheduler.
[[0;32m  OK  [0m] Started FUSE filesystem for LXC.
         Starting Login Service...
         Starting Permit User Sessions...
         Starting Accounts Service...
[[0;32m  OK  [0m] Started D-Bus System Message Bus.
         Starting Dispatcher daemon for systemd-networkd...
         Starting LXD - container startup/shutdown...
         Starting LSB: automatic crash report generation...
         Starting Snap Daemon...
[[0;32m  OK  [0m] Started System Logging Service.
[[0;32m  OK  [0m] Started Availability of block devices.
[[0;32m  OK  [0m] Started Permit User Sessions.
[[0;32m  OK  [0m] Started Login Service.
[[0;32m  OK  [0m] Started LXD - container startup/shutdown.
[[0;32m  OK  [0m] Started LSB: automatic crash report generation.
         Starting Authorization Manager...
[[0;32m  OK  [0m] Started Unattended Upgrades Shutdown.
         Starting Hold until boot process finishes up...
         Starting Terminate Plymouth Boot Screen...
[[0;32m  OK  [0m] Started Hold until boot process finishes up.
[[0;32m  OK  [0m] Started Serial Getty on ttyS0.
         Starting Set console scheme...
[[0;32m  OK  [0m] Started Terminate Plymouth Boot Screen.
[[0;32m  OK  [0m] Started Set console scheme.
[[0;32m  OK  [0m] Created slice system-getty.slice.
[[0;32m  OK  [0m] Started Getty on tty1.
[[0;32m  OK  [0m] Reached target Login Prompts.
[[0;32m  OK  [0m] Started LSB: Record successful boot for GRUB.
[[0;32m  OK  [0m] Started Authorization Manager.
[[0;32m  OK  [0m] Started Accounts Service.
[[0;32m  OK  [0m] Started Virtualbox guest utils.
[[0;32m  OK  [0m] Started Dispatcher daemon for systemd-networkd.
[[0;32m  OK  [0m] Started Snap Daemon.
         Starting Wait until snapd is fully seeded...
         Starting Time & Date Service...
[[0;32m  OK  [0m] Started Time & Date Service.
[[0;32m  OK  [0m] Started Pollinate to seed the pseudo random number generator.
         Starting OpenBSD Secure Shell server...
[[0;32m  OK  [0m] Started OpenBSD Secure Shell server.
[[0;32m  OK  [0m] Created slice User Slice of vagrant.
         Starting User Manager for UID 1000...
[[0;32m  OK  [0m] Started Session 1 of user vagrant.
[[0;32m  OK  [0m] Started User Manager for UID 1000.
[[0;32m  OK  [0m] Started Wait until snapd is fully seeded.
         Starting Apply the settings specified in cloud-config...
[   16.620910] cloud-init[1800]: Cloud-init v. 23.1.2-0ubuntu0~18.04.1 running 'modules:config' at Wed, 28 Jun 2023 21:39:16 +0000. Up 16.34 seconds.
[[0;32m  OK  [0m] Started Apply the settings specified in cloud-config.
[[0;32m  OK  [0m] Reached target Multi-User System.
         Starting Execute cloud user/final scripts...
[[0;32m  OK  [0m] Reached target Graphical Interface.
         Starting Update UTMP about System Runlevel Changes...
[[0;32m  OK  [0m] Started Update UTMP about System Runlevel Changes.
ci-info: no authorized SSH keys fingerprints found for user ubuntu.
<14>Jun 28 21:39:16 cloud-init: #############################################################
<14>Jun 28 21:39:16 cloud-init: -----BEGIN SSH HOST KEY FINGERPRINTS-----
<14>Jun 28 21:39:16 cloud-init: 1024 SHA256:SnSC42zVRmU8peE+RWVYifg638I/x+kb0AmmYE/eohM root@ubuntu-bionic (DSA)
<14>Jun 28 21:39:16 cloud-init: 256 SHA256:uyNgp/DHTfyuZgmSj1iuH3qdm+2ui0Qf6kVtxo8IM5U root@ubuntu-bionic (ECDSA)
<14>Jun 28 21:39:16 cloud-init: 256 SHA256:ktiKsz4boZBBxgFFNqr2x8OgR2ewTpgX++yb4xE9rS8 root@ubuntu-bionic (ED25519)
<14>Jun 28 21:39:16 cloud-init: 2048 SHA256:Nt+zqk15qSkyebjqW+FZ2w/8fwaQAoPxuddes/yOCH4 root@ubuntu-bionic (RSA)
<14>Jun 28 21:39:16 cloud-init: -----END SSH HOST KEY FINGERPRINTS-----
<14>Jun 28 21:39:16 cloud-init: #############################################################
-----BEGIN SSH HOST KEY KEYS-----
ecdsa-sha2-nistp256 AAAAE2VjZHNhLXNoYTItbmlzdHAyNTYAAAAIbmlzdHAyNTYAAABBBJaW6YkL4bPxvAVY7PdkoibuA892ubdhIzFZwOx6wSFV2DJtIV59A5kZ4LexvCXvhPgQzgWvKRAob9L07ch4xY4= root@ubuntu-bionic
ssh-ed25519 AAAAC3NzaC1lZDI1NTE5AAAAIPwhiAPmHjl8xRK30WXvzNXzEHoCVfICW2LwtUKl83zD root@ubuntu-bionic
ssh-rsa AAAAB3NzaC1yc2EAAAADAQABAAABAQDkQnvJuA5Txi0RdeupQjhCmq4e0mZf9tIwWrgaKqPU2CeInhhbwsxb/fvBngsG8P83wUIok7Cc0LHiqPyJPkL6jlnPvFS5D3hCTnFckBOaHl62KYuqDFYQ9jOds/8+B/Xiw9vYoB2FphRn7UAyfMCzX9kZqcWtcraT67dEC1tuncn33XPR2FtiJZpvbOoGCsSG0I55jNhYa20Fi6qbvDGp34MJNPxsRq1CBRLrSicRi/RCIFlbJacPXLtToWbGsbhdulIMoQg+p7I/AUixuwRdfAOB6YF0SgY7F8RTfMl6mFdF36Mc98FWwPmyQN7YGp3KBcftowopGpjxpUf8OxpR root@ubuntu-bionic
-----END SSH HOST KEY KEYS-----
[   17.132723] cloud-init[1932]: Cloud-init v. 23.1.2-0ubuntu0~18.04.1 running 'modules:final' at Wed, 28 Jun 2023 21:39:16 +0000. Up 16.98 seconds.
[   17.133612] cloud-init[1932]: Cloud-init v. 23.1.2-0ubuntu0~18.04.1 finished at Wed, 28 Jun 2023 21:39:16 +0000. Datasource DataSourceNoCloud [seed=/dev/sdb][dsmode=net].  Up 17.12 seconds
[[0;32m  OK  [0m] Started Execute cloud user/final scripts.
[[0;32m  OK  [0m] Reached target Cloud-init target.

Ubuntu 18.04.6 LTS ubuntu-bionic ttyS0

ubuntu-bionic login: 